Using pre-set license
Built from '2020.3/staging' branch; Version is '2020.3.0f1 (c7b5465681fb) revision 13088070'; Using compiler version '192528614'; Build Type 'Release'
OS: 'Windows 10 Education; OS build 19042.1466; Version 2009; 64bit' Language: 'en' Physical Memory: 32489 MB
BatchMode: 1, IsHumanControllingUs: 0, StartBugReporterOnCrash: 0, Is64bit: 1, IsPro: 0

 COMMAND LINE ARGUMENTS:
C:\Program Files\Unity\Editor\Unity.exe
-adb2
-batchMode
-noUpm
-name
AssetImportWorker0
-projectPath
C:/temp/Git Hub/GitHub/G14_Spelprojekt2/prototyp
-logFile
Logs/AssetImportWorker0.log
-srvPort
53542
Successfully changed project path to: C:/temp/Git Hub/GitHub/G14_Spelprojekt2/prototyp
C:/temp/Git Hub/GitHub/G14_Spelprojekt2/prototyp
Using Asset Import Pipeline V2.
Refreshing native plugins compatible for Editor in 16.21 ms, found 0 plugins.
Preloading 0 native plugins for Editor in 0.00 ms.
Initialize engine version: 2020.3.0f1 (c7b5465681fb)
[Subsystems] Discovering subsystems at path C:/Program Files/Unity/Editor/Data/Resources/UnitySubsystems
[Subsystems] Discovering subsystems at path C:/temp/Git Hub/GitHub/G14_Spelprojekt2/prototyp/Assets
GfxDevice: creating device client; threaded=0
Direct3D:
    Version:  Direct3D 11.0 [level 11.1]
    Renderer: NVIDIA GeForce RTX 3070 (ID=0x2484)
    Vendor:   
    VRAM:     8043 MB
    Driver:   30.0.14.7168
Initialize mono
Mono path[0] = 'C:/Program Files/Unity/Editor/Data/Managed'
Mono path[1] = 'C:/Program Files/Unity/Editor/Data/MonoBleedingEdge/lib/mono/unityjit'
Mono config path = 'C:/Program Files/Unity/Editor/Data/MonoBleedingEdge/etc'
Using monoOptions --debugger-agent=transport=dt_socket,embedding=1,server=y,suspend=n,address=127.0.0.1:56472
Begin MonoManager ReloadAssembly
Registering precompiled unity dll's ...
Register platform support module: C:/Program Files/Unity/Editor/Data/PlaybackEngines/WebGLSupport/UnityEditor.WebGL.Extensions.dll
Register platform support module: C:/Program Files/Unity/Editor/Data/PlaybackEngines/WindowsStandaloneSupport/UnityEditor.WindowsStandalone.Extensions.dll
Registered in 0.001279 seconds.
Native extension for WindowsStandalone target not found
Native extension for WebGL target not found
Refreshing native plugins compatible for Editor in 15.37 ms, found 0 plugins.
Preloading 0 native plugins for Editor in 0.00 ms.
Invoked RoslynAnalysisRunner static constructor.
RoslynAnalysisRunner will not be running.
RoslynAnalysisRunner has terminated.
Mono: successfully reloaded assembly
- Completed reload, in  2.381 seconds
Platform modules already initialized, skipping
Registering precompiled user dll's ...
Registered in 0.000488 seconds.
Begin MonoManager ReloadAssembly
Native extension for WindowsStandalone target not found
Native extension for WebGL target not found
Refreshing native plugins compatible for Editor in 0.15 ms, found 0 plugins.
Preloading 0 native plugins for Editor in 0.00 ms.
Invoked RoslynAnalysisRunner static constructor.
RoslynAnalysisRunner will not be running.
RoslynAnalysisRunner has terminated.
Mono: successfully reloaded assembly
- Completed reload, in  0.499 seconds
Platform modules already initialized, skipping
========================================================================
Worker process is ready to serve import requests
Launched and connected shader compiler UnityShaderCompiler.exe after 0.03 seconds
Refreshing native plugins compatible for Editor in 0.16 ms, found 0 plugins.
Preloading 0 native plugins for Editor in 0.00 ms.
Unloading 1113 Unused Serialized files (Serialized files now loaded: 0)
System memory in use before: 56.8 MB.
System memory in use after: 56.9 MB.

Unloading 9 unused Assets to reduce memory usage. Loaded Objects now: 1556.
Total: 1.430400 ms (FindLiveObjects: 0.102100 ms CreateObjectMapping: 0.027500 ms MarkObjects: 1.238500 ms  DeleteObjects: 0.061700 ms)

========================================================================
Received Import Request.
  path: Assets
  artifactKey: Guid(00000000000000001000000000000000) Importer(815301076,1909f56bfc062723c751e8b465ee728b)
Start importing Assets using Guid(00000000000000001000000000000000) Importer(815301076,1909f56bfc062723c751e8b465ee728b)  -> (artifact id: '42baae205c97e3337697759514652acd') in 0.003984 seconds
  Import took 0.005773 seconds .

========================================================================
Received Import Request.
  Time since last request: 7.535299 seconds.
  path: Assets/2D-Assets
  artifactKey: Guid(a3abf229253c6f94cb10d548293bdf9c) Importer(815301076,1909f56bfc062723c751e8b465ee728b)
Start importing Assets/2D-Assets using Guid(a3abf229253c6f94cb10d548293bdf9c) Importer(815301076,1909f56bfc062723c751e8b465ee728b)  -> (artifact id: '89b49338450217a11446445220b6e4a5') in 0.002496 seconds
  Import took 0.004009 seconds .

========================================================================
Received Import Request.
  Time since last request: 6.770330 seconds.
  path: Assets/Scripts
  artifactKey: Guid(99738b17dbe3a79489526fb94651a730) Importer(815301076,1909f56bfc062723c751e8b465ee728b)
Start importing Assets/Scripts using Guid(99738b17dbe3a79489526fb94651a730) Importer(815301076,1909f56bfc062723c751e8b465ee728b)  -> (artifact id: '8b8130166cd8e23da95dc442183d3f14') in 0.001770 seconds
  Import took 0.003263 seconds .

========================================================================
Received Import Request.
  Time since last request: 7.086141 seconds.
  path: Assets/3D-Assets
  artifactKey: Guid(92731ed5a98343d458780df2ada4c97d) Importer(815301076,1909f56bfc062723c751e8b465ee728b)
Start importing Assets/3D-Assets using Guid(92731ed5a98343d458780df2ada4c97d) Importer(815301076,1909f56bfc062723c751e8b465ee728b)  -> (artifact id: '105fede1908800487a94107a65576f5b') in 0.002632 seconds
  Import took 0.004101 seconds .

========================================================================
Received Import Request.
  Time since last request: 6.075920 seconds.
  path: Assets/Prefabs
  artifactKey: Guid(6a223d65845a2024b83773808db46954) Importer(815301076,1909f56bfc062723c751e8b465ee728b)
Start importing Assets/Prefabs using Guid(6a223d65845a2024b83773808db46954) Importer(815301076,1909f56bfc062723c751e8b465ee728b)  -> (artifact id: '7baccf67b9d95e32219e9a6d684f117b') in 0.002408 seconds
  Import took 0.003962 seconds .

========================================================================
Received Import Request.
  Time since last request: 7.419471 seconds.
  path: Assets/SFX
  artifactKey: Guid(c6b085c7c58f8204692275100db2ec2c) Importer(815301076,1909f56bfc062723c751e8b465ee728b)
Start importing Assets/SFX using Guid(c6b085c7c58f8204692275100db2ec2c) Importer(815301076,1909f56bfc062723c751e8b465ee728b)  -> (artifact id: '07ec1abed6a3460aa07ed5004f73b5a0') in 0.002632 seconds
  Import took 0.004177 seconds .

========================================================================
Received Import Request.
  Time since last request: 5.932937 seconds.
  path: Assets/VFX
  artifactKey: Guid(81dec416170258c44965296ac17b24d9) Importer(815301076,1909f56bfc062723c751e8b465ee728b)
Start importing Assets/VFX using Guid(81dec416170258c44965296ac17b24d9) Importer(815301076,1909f56bfc062723c751e8b465ee728b)  -> (artifact id: '11882974f378a7a01cc13c0fb11b1797') in 0.002571 seconds
  Import took 0.004143 seconds .

========================================================================
Received Import Request.
  Time since last request: 11.323208 seconds.
  path: Assets/Musik
  artifactKey: Guid(2827dc656433a634f86ce634e0265c9a) Importer(815301076,1909f56bfc062723c751e8b465ee728b)
Start importing Assets/Musik using Guid(2827dc656433a634f86ce634e0265c9a) Importer(815301076,1909f56bfc062723c751e8b465ee728b)  -> (artifact id: '7ea62ed5fbbd3e6973ce89ed01771fc1') in 0.002489 seconds
  Import took 0.003996 seconds .

